<?xml version="1.0" encoding="UTF-8"?>
<testng-results ignored="0" total="2" passed="2" failed="0" skipped="0">
  <reporter-output>
  </reporter-output>
  <suite started-at="2025-09-28T17:11:39 IST" name="Default suite" finished-at="2025-09-28T17:11:39 IST" duration-ms="54">
    <groups>
    </groups>
    <test started-at="2025-09-28T17:11:39 IST" name="Default test" finished-at="2025-09-28T17:11:39 IST" duration-ms="54">
      <class name="com.selenium.test.HomePageTest">
        <test-method signature="getHomePage()[pri:0, instance:com.selenium.test.HomePageTest@6340e5f0]" started-at="2025-09-28T17:11:39 IST" name="getHomePage" finished-at="2025-09-28T17:11:39 IST" duration-ms="10" status="PASS">
          <reporter-output>
          </reporter-output>
        </test-method> <!-- getHomePage -->
      </class> <!-- com.selenium.test.HomePageTest -->
      <class name="com.selenium.test.LoginPageTest">
        <test-method signature="getLoginPage()[pri:0, instance:com.selenium.test.LoginPageTest@f0c8a99]" started-at="2025-09-28T17:11:39 IST" name="getLoginPage" finished-at="2025-09-28T17:11:39 IST" duration-ms="1" status="PASS">
          <reporter-output>
          </reporter-output>
        </test-method> <!-- getLoginPage -->
      </class> <!-- com.selenium.test.LoginPageTest -->
    </test> <!-- Default test -->
  </suite> <!-- Default suite -->
</testng-results>
