<?xml version="1.0" encoding="UTF-8"?>
<testng-results ignored="0" total="1" passed="1" failed="0" skipped="0">
  <reporter-output>
  </reporter-output>
  <suite started-at="2025-09-28T15:09:43 IST" name="Default suite" finished-at="2025-09-28T15:09:43 IST" duration-ms="71">
    <groups>
    </groups>
    <test started-at="2025-09-28T15:09:43 IST" name="Default test" finished-at="2025-09-28T15:09:43 IST" duration-ms="71">
      <class name="com.selenium.test.HomePageTest">
        <test-method signature="getHomePage()[pri:0, instance:com.selenium.test.HomePageTest@202b0582]" started-at="2025-09-28T15:09:43 IST" name="getHomePage" finished-at="2025-09-28T15:09:43 IST" duration-ms="12" status="PASS">
          <reporter-output>
          </reporter-output>
        </test-method> <!-- getHomePage -->
      </class> <!-- com.selenium.test.HomePageTest -->
    </test> <!-- Default test -->
  </suite> <!-- Default suite -->
</testng-results>
